TN:
SF:src/modules/checklists/services/CreateCheckService.ts
FN:15,(anonymous_18)
FN:16,CreateChecklistService
FN:24,(anonymous_20)
FNF:3
FNH:0
FNDA:0,(anonymous_18)
FNDA:0,CreateChecklistService
FNDA:0,(anonymous_20)
DA:1,0
DA:3,0
DA:15,0
DA:18,0
DA:21,0
DA:24,0
DA:25,0
DA:27,0
DA:28,0
DA:31,0
DA:36,0
DA:38,0
DA:40,0
LF:13
LH:0
BRDA:25,0,0,0
BRDA:27,1,0,0
BRDA:27,1,1,0
BRF:3
BRH:0
end_of_record
TN:
SF:src/modules/checklists/services/CreateChecklistService.ts
FN:14,(anonymous_17)
FN:15,CreateChecklistService
FN:20,(anonymous_19)
FNF:3
FNH:3
FNDA:1,(anonymous_17)
FNDA:1,CreateChecklistService
FNDA:1,(anonymous_19)
DA:1,1
DA:14,1
DA:17,1
DA:20,1
DA:21,1
DA:26,1
DA:28,1
DA:30,1
LF:8
LH:8
BRDA:21,0,0,1
BRF:1
BRH:1
end_of_record
TN:
SF:src/modules/checklists/services/DeleteCheckService.ts
FN:14,(anonymous_18)
FN:15,DeleteCheckService
FN:23,(anonymous_20)
FNF:3
FNH:0
FNDA:0,(anonymous_18)
FNDA:0,DeleteCheckService
FNDA:0,(anonymous_20)
DA:1,0
DA:6,0
DA:14,0
DA:17,0
DA:20,0
DA:23,0
DA:24,0
DA:26,0
DA:27,0
DA:30,0
DA:34,0
DA:35,0
DA:38,0
DA:39,0
DA:42,0
DA:44,0
DA:46,0
LF:17
LH:0
BRDA:24,0,0,0
BRDA:26,1,0,0
BRDA:26,1,1,0
BRDA:34,2,0,0
BRDA:34,2,1,0
BRDA:38,3,0,0
BRDA:38,3,1,0
BRF:7
BRH:0
end_of_record
TN:
SF:src/modules/checklists/services/DeleteChecklistService.ts
FN:12,(anonymous_18)
FN:13,CreateChecklistService
FN:18,(anonymous_20)
FNF:3
FNH:0
FNDA:0,(anonymous_18)
FNDA:0,CreateChecklistService
FNDA:0,(anonymous_20)
DA:1,0
DA:4,0
DA:12,0
DA:15,0
DA:18,0
DA:19,0
DA:21,0
DA:22,0
DA:25,0
DA:26,0
DA:29,0
DA:31,0
DA:33,0
LF:13
LH:0
BRDA:19,0,0,0
BRDA:21,1,0,0
BRDA:21,1,1,0
BRDA:25,2,0,0
BRDA:25,2,1,0
BRF:5
BRH:0
end_of_record
TN:
SF:src/modules/checklists/services/FindChecklistByUserService.ts
FN:13,(anonymous_17)
FN:14,CreateChecklistService
FN:19,(anonymous_19)
FNF:3
FNH:0
FNDA:0,(anonymous_17)
FNDA:0,CreateChecklistService
FNDA:0,(anonymous_19)
DA:1,0
DA:13,0
DA:16,0
DA:19,0
DA:20,0
DA:22,0
DA:24,0
DA:26,0
LF:8
LH:0
BRDA:20,0,0,0
BRF:1
BRH:0
end_of_record
TN:
SF:src/modules/checklists/services/LikeChecklistService.ts
FN:8,(anonymous_18)
FN:9,CreateChecklistService
FN:14,(anonymous_20)
FNF:3
FNH:0
FNDA:0,(anonymous_18)
FNDA:0,CreateChecklistService
FNDA:0,(anonymous_20)
DA:1,0
DA:5,0
DA:8,0
DA:11,0
DA:14,0
DA:15,0
DA:17,0
DA:18,0
DA:21,0
DA:23,0
DA:25,0
DA:27,0
DA:29,0
LF:13
LH:0
BRDA:15,0,0,0
BRDA:17,1,0,0
BRDA:17,1,1,0
BRF:3
BRH:0
end_of_record
TN:
SF:src/modules/checklists/services/ListAllChecklists.ts
FN:7,(anonymous_17)
FN:8,ListAllChecklists
FN:13,(anonymous_19)
FNF:3
FNH:0
FNDA:0,(anonymous_17)
FNDA:0,ListAllChecklists
FNDA:0,(anonymous_19)
DA:1,0
DA:7,0
DA:10,0
DA:13,0
DA:14,0
DA:16,0
DA:18,0
DA:20,0
LF:8
LH:0
BRDA:14,0,0,0
BRF:1
BRH:0
end_of_record
TN:
SF:src/modules/checklists/services/ListChecksByChecklistService.ts
FN:15,(anonymous_18)
FN:16,CreateChecklistService
FN:24,(anonymous_20)
FNF:3
FNH:0
FNDA:0,(anonymous_18)
FNDA:0,CreateChecklistService
FNDA:0,(anonymous_20)
DA:1,0
DA:3,0
DA:15,0
DA:18,0
DA:21,0
DA:24,0
DA:25,0
DA:27,0
DA:28,0
DA:31,0
DA:33,0
DA:35,0
DA:37,0
LF:13
LH:0
BRDA:25,0,0,0
BRDA:27,1,0,0
BRDA:27,1,1,0
BRDA:33,2,0,0
BRDA:33,2,1,0
BRF:5
BRH:0
end_of_record
TN:
SF:src/modules/checklists/services/UpdateCheckService.ts
FN:17,(anonymous_18)
FN:18,UpdateCheckService
FN:26,(anonymous_20)
FNF:3
FNH:0
FNDA:0,(anonymous_18)
FNDA:0,UpdateCheckService
FNDA:0,(anonymous_20)
DA:1,0
DA:7,0
DA:17,0
DA:20,0
DA:23,0
DA:26,0
DA:27,0
DA:28,0
DA:29,0
DA:31,0
DA:33,0
DA:34,0
DA:37,0
DA:41,0
DA:42,0
DA:45,0
DA:46,0
DA:49,0
DA:51,0
DA:53,0
DA:55,0
DA:57,0
LF:22
LH:0
BRDA:31,0,0,0
BRDA:33,1,0,0
BRDA:33,1,1,0
BRDA:41,2,0,0
BRDA:41,2,1,0
BRDA:45,3,0,0
BRDA:45,3,1,0
BRF:7
BRH:0
end_of_record
TN:
SF:src/modules/checklists/services/UpdateChecklistService.ts
FN:16,(anonymous_18)
FN:17,UpdateChecklistService
FN:22,(anonymous_20)
FNF:3
FNH:0
FNDA:0,(anonymous_18)
FNDA:0,UpdateChecklistService
FNDA:0,(anonymous_20)
DA:1,0
DA:7,0
DA:16,0
DA:19,0
DA:22,0
DA:23,0
DA:24,0
DA:25,0
DA:27,0
DA:29,0
DA:30,0
DA:33,0
DA:34,0
DA:37,0
DA:39,0
DA:41,0
DA:43,0
DA:45,0
LF:18
LH:0
BRDA:27,0,0,0
BRDA:29,1,0,0
BRDA:29,1,1,0
BRDA:33,2,0,0
BRDA:33,2,1,0
BRF:5
BRH:0
end_of_record
TN:
SF:src/modules/users/services/AuthenticateUserService.ts
FN:23,(anonymous_18)
FN:24,AuthenticateUserService
FN:32,(anonymous_20)
FNF:3
FNH:3
FNDA:1,(anonymous_18)
FNDA:3,AuthenticateUserService
FNDA:3,(anonymous_20)
DA:1,1
DA:2,1
DA:4,1
DA:6,1
DA:23,1
DA:26,3
DA:29,3
DA:32,3
DA:33,3
DA:35,3
DA:36,1
DA:39,2
DA:44,2
DA:45,1
DA:48,1
DA:50,1
DA:55,1
DA:60,1
DA:62,1
LF:19
LH:19
BRDA:33,0,0,3
BRDA:35,1,0,1
BRDA:35,1,1,2
BRDA:44,2,0,1
BRDA:44,2,1,1
BRF:5
BRH:5
end_of_record
TN:
SF:src/modules/users/services/CreateUserService.ts
FN:16,(anonymous_18)
FN:17,CreateUserService
FN:25,(anonymous_20)
FNF:3
FNH:3
FNDA:2,(anonymous_18)
FNDA:5,CreateUserService
FNDA:5,(anonymous_20)
DA:1,2
DA:3,2
DA:16,2
DA:19,5
DA:22,5
DA:25,5
DA:26,5
DA:28,5
DA:29,1
DA:32,4
DA:34,4
DA:40,4
DA:42,2
DA:44,2
LF:14
LH:14
BRDA:26,0,0,5
BRDA:28,1,0,1
BRDA:28,1,1,4
BRF:3
BRH:3
end_of_record
TN:
SF:src/modules/users/services/ResetPasswordService.ts
FN:20,(anonymous_18)
FN:21,ResetPasswordService
FN:32,(anonymous_20)
FNF:3
FNH:3
FNDA:1,(anonymous_18)
FNDA:4,ResetPasswordService
FNDA:4,(anonymous_20)
DA:1,1
DA:2,1
DA:6,1
DA:20,1
DA:23,4
DA:26,4
DA:29,4
DA:32,4
DA:33,4
DA:35,4
DA:36,1
DA:39,3
DA:41,3
DA:42,1
DA:45,2
DA:47,2
DA:48,1
DA:51,1
DA:53,2
DA:55,1
DA:57,1
LF:21
LH:21
BRDA:33,0,0,4
BRDA:35,1,0,1
BRDA:35,1,1,3
BRDA:41,2,0,1
BRDA:41,2,1,2
BRDA:47,3,0,1
BRDA:47,3,1,1
BRF:7
BRH:7
end_of_record
TN:
SF:src/modules/users/services/SendForgotPasswordEmailService.ts
FN:18,(anonymous_18)
FN:19,SendForgotPasswordEmailService
FN:30,(anonymous_20)
FNF:3
FNH:3
FNDA:1,(anonymous_18)
FNDA:3,SendForgotPasswordEmailService
FNDA:3,(anonymous_20)
DA:1,1
DA:2,1
DA:6,1
DA:18,1
DA:21,3
DA:24,3
DA:27,3
DA:30,3
DA:31,3
DA:33,3
DA:34,1
DA:37,2
DA:39,2
DA:46,4
DA:61,1
DA:63,1
LF:16
LH:16
BRDA:31,0,0,3
BRDA:33,1,0,1
BRDA:33,1,1,2
BRF:3
BRH:3
end_of_record
TN:
SF:src/modules/users/services/ShowProfileService.ts
FN:14,(anonymous_18)
FN:15,ShowProfileService
FN:20,(anonymous_20)
FNF:3
FNH:3
FNDA:1,(anonymous_18)
FNDA:2,ShowProfileService
FNDA:2,(anonymous_20)
DA:1,1
DA:3,1
DA:14,1
DA:17,2
DA:20,2
DA:21,2
DA:23,2
DA:24,1
DA:27,1
DA:29,1
DA:31,1
LF:11
LH:11
BRDA:21,0,0,2
BRDA:23,1,0,1
BRDA:23,1,1,1
BRF:3
BRH:3
end_of_record
TN:
SF:src/modules/users/services/UpdateProfileService.ts
FN:19,(anonymous_18)
FN:20,UpdateProfileService
FN:28,(anonymous_20)
FNF:3
FNH:3
FNDA:1,(anonymous_18)
FNDA:6,UpdateProfileService
FNDA:6,(anonymous_20)
DA:1,1
DA:3,1
DA:19,1
DA:22,6
DA:25,6
DA:28,1
DA:29,6
DA:30,6
DA:31,6
DA:32,6
DA:33,6
DA:35,6
DA:37,6
DA:38,1
DA:41,5
DA:43,5
DA:44,1
DA:47,4
DA:48,4
DA:50,4
DA:51,1
DA:54,4
DA:55,2
DA:60,2
DA:61,1
DA:64,1
DA:67,2
DA:69,1
DA:71,1
LF:29
LH:29
BRDA:35,0,0,6
BRDA:35,0,1,2
BRDA:37,1,0,1
BRDA:37,1,1,5
BRDA:43,2,0,1
BRDA:43,2,1,4
BRDA:43,3,0,5
BRDA:43,3,1,1
BRDA:50,4,0,1
BRDA:50,4,1,3
BRDA:50,5,0,4
BRDA:50,5,1,3
BRDA:54,6,0,1
BRDA:54,6,1,2
BRDA:54,7,0,3
BRDA:54,7,1,2
BRDA:60,8,0,1
BRDA:60,8,1,1
BRF:18
BRH:18
end_of_record
TN:
SF:src/modules/users/services/UpdateUserAvatarService.ts
FN:16,(anonymous_18)
FN:17,UpdateUserAvatarService
FN:25,(anonymous_20)
FNF:3
FNH:3
FNDA:1,(anonymous_18)
FNDA:3,UpdateUserAvatarService
FNDA:4,(anonymous_20)
DA:1,1
DA:3,1
DA:16,1
DA:19,3
DA:22,3
DA:25,4
DA:26,4
DA:28,4
DA:29,1
DA:32,5
DA:33,2
DA:36,3
DA:38,3
DA:40,6
DA:42,3
DA:44,1
DA:46,1
LF:17
LH:17
BRDA:26,0,0,4
BRDA:26,0,1,3
BRDA:28,1,0,1
BRDA:28,1,1,3
BRDA:32,2,0,2
BRDA:32,2,1,1
BRF:6
BRH:6
end_of_record
